

Started GET "/" for ::1 at 2016-05-03 15:31:59 -0700
Processing by UsersController#index as HTML
Completed 500 Internal Server Error in 14ms (ActiveRecord: 0.0ms)

NameError (uninitialized constant UsersController::User):
  app/controllers/users_controller.rb:3:in `index'


  Rendered /Users/andreaceballos/.rvm/gems/ruby-2.2.1/gems/actionpack-4.2.6/lib/action_dispatch/middleware/templates/rescues/_source.erb (7.8ms)
  Rendered /Users/andreaceballos/.rvm/gems/ruby-2.2.1/gems/actionpack-4.2.6/lib/action_dispatch/middleware/templates/rescues/_trace.html.erb (2.8ms)
  Rendered /Users/andreaceballos/.rvm/gems/ruby-2.2.1/gems/actionpack-4.2.6/lib/action_dispatch/middleware/templates/rescues/_request_and_response.html.erb (1.7ms)
  Rendered /Users/andreaceballos/.rvm/gems/ruby-2.2.1/gems/actionpack-4.2.6/lib/action_dispatch/middleware/templates/rescues/diagnostics.html.erb within rescues/layout (94.6ms)
  Rendered /Users/andreaceballos/.rvm/gems/ruby-2.2.1/gems/web-console-2.3.0/lib/web_console/templates/_markup.html.erb (0.5ms)
  Rendered /Users/andreaceballos/.rvm/gems/ruby-2.2.1/gems/web-console-2.3.0/lib/web_console/templates/_inner_console_markup.html.erb within layouts/inlined_string (0.5ms)
  Rendered /Users/andreaceballos/.rvm/gems/ruby-2.2.1/gems/web-console-2.3.0/lib/web_console/templates/_prompt_box_markup.html.erb within layouts/inlined_string (0.4ms)
  Rendered /Users/andreaceballos/.rvm/gems/ruby-2.2.1/gems/web-console-2.3.0/lib/web_console/templates/style.css.erb within layouts/inlined_string (0.4ms)
  Rendered /Users/andreaceballos/.rvm/gems/ruby-2.2.1/gems/web-console-2.3.0/lib/web_console/templates/console.js.erb within layouts/javascript (80.6ms)
  Rendered /Users/andreaceballos/.rvm/gems/ruby-2.2.1/gems/web-console-2.3.0/lib/web_console/templates/main.js.erb within layouts/javascript (0.4ms)
  Rendered /Users/andreaceballos/.rvm/gems/ruby-2.2.1/gems/web-console-2.3.0/lib/web_console/templates/error_page.js.erb within layouts/javascript (0.5ms)
  Rendered /Users/andreaceballos/.rvm/gems/ruby-2.2.1/gems/web-console-2.3.0/lib/web_console/templates/index.html.erb (176.9ms)
  [1m[36m (44.7ms)[0m  [1mCREATE TABLE "schema_migrations" ("version" character varying NOT NULL) [0m
  [1m[35m (11.6ms)[0m  CREATE UNIQUE INDEX  "unique_schema_migrations" ON "schema_migrations"  ("version")
  [1m[36mActiveRecord::SchemaMigration Load (0.8ms)[0m  [1mSELECT "schema_migrations".* FROM "schema_migrations"[0m
Migrating to CreateUsers (20160503223314)
  [1m[35m (2.4ms)[0m  BEGIN
  [1m[36m (51.1ms)[0m  [1mCREATE TABLE "users" ("id" serial primary key, "email" character varying, "first_name" character varying, "last_name" character varying, "password_digest" character varying, "created_at" timestamp NOT NULL, "updated_at" timestamp NOT NULL) [0m
  [1m[35mSQL (4.3ms)[0m  INSERT INTO "schema_migrations" ("version") VALUES ($1)  [["version", "20160503223314"]]
  [1m[36m (3.6ms)[0m  [1mCOMMIT[0m
  [1m[35mActiveRecord::SchemaMigration Load (0.8ms)[0m  SELECT "schema_migrations".* FROM "schema_migrations"
  [1m[36m (8.1ms)[0m  [1mSELECT t2.oid::regclass::text AS to_table, a1.attname AS column, a2.attname AS primary_key, c.conname AS name, c.confupdtype AS on_update, c.confdeltype AS on_delete
FROM pg_constraint c
JOIN pg_class t1 ON c.conrelid = t1.oid
JOIN pg_class t2 ON c.confrelid = t2.oid
JOIN pg_attribute a1 ON a1.attnum = c.conkey[1] AND a1.attrelid = t1.oid
JOIN pg_attribute a2 ON a2.attnum = c.confkey[1] AND a2.attrelid = t2.oid
JOIN pg_namespace t3 ON c.connamespace = t3.oid
WHERE c.contype = 'f'
  AND t1.relname = 'users'
  AND t3.nspname = ANY (current_schemas(false))
ORDER BY c.conname
[0m
  [1m[36m (0.2ms)[0m  [1mBEGIN[0m
  [1m[35mSQL (10.3ms)[0m  INSERT INTO "users" ("email", "first_name", "last_name", "password_digest", "created_at", "updated_at") VALUES ($1, $2, $3, $4, $5, $6) RETURNING "id"  [["email", "test@test.com"], ["first_name", "test"], ["last_name", "subject"], ["password_digest", "$2a$10$gacG0m4YXUPf1ewHvssuBOpOJexUDUjcQbglafnirAxksnj/4PLam"], ["created_at", "2016-05-03 22:46:35.080895"], ["updated_at", "2016-05-03 22:46:35.080895"]]
  [1m[36m (2.9ms)[0m  [1mCOMMIT[0m


Started GET "/" for ::1 at 2016-05-03 15:46:42 -0700
  [1m[36mActiveRecord::SchemaMigration Load (1.0ms)[0m  [1mSELECT "schema_migrations".* FROM "schema_migrations"[0m
Processing by UsersController#index as HTML
  [1m[35mUser Load (1.0ms)[0m  SELECT "users".* FROM "users"
  Rendered users/index.html.erb within layouts/application (23.0ms)
Completed 200 OK in 1718ms (Views: 1686.5ms | ActiveRecord: 8.1ms)


Started GET "/users" for ::1 at 2016-05-03 15:46:49 -0700
Processing by UsersController#index as HTML
  [1m[36mUser Load (0.6ms)[0m  [1mSELECT "users".* FROM "users"[0m
  Rendered users/index.html.erb within layouts/application (2.2ms)
Completed 200 OK in 39ms (Views: 37.2ms | ActiveRecord: 0.6ms)


Started GET "/users/new" for ::1 at 2016-05-03 15:46:53 -0700
Processing by UsersController#new as HTML
  Parameters: {"sa"=>"new_user"}
  Rendered users/new.html.erb within layouts/application (47.8ms)
Completed 200 OK in 123ms (Views: 121.0ms | ActiveRecord: 0.0ms)
